ERROR - 2015-08-15 22:36:30 --> Severity: Error --> Cannot instantiate abstract class Base /home/adamos42/Public_HTML/ionize200/ionize/framework/core/Loader.php 323
ERROR - 2015-08-15 22:36:30 --> Severity: Error --> Cannot instantiate abstract class Base /home/adamos42/Public_HTML/ionize200/ionize/framework/core/Loader.php 323
ERROR - 2015-08-15 22:37:22 --> Severity: Error --> Cannot instantiate abstract class CI_Model /home/adamos42/Public_HTML/ionize200/ionize/framework/core/Common.php 196
ERROR - 2015-08-15 22:37:22 --> Severity: Error --> Cannot instantiate abstract class CI_Model /home/adamos42/Public_HTML/ionize200/ionize/framework/core/Common.php 196
ERROR - 2015-08-15 22:37:41 --> Severity: Error --> Cannot instantiate abstract class Base /home/adamos42/Public_HTML/ionize200/ionize/framework/core/Loader.php 323
ERROR - 2015-08-15 22:37:41 --> Severity: Error --> Cannot instantiate abstract class Base /home/adamos42/Public_HTML/ionize200/ionize/framework/core/Loader.php 323
ERROR - 2015-08-15 22:41:12 --> Severity: Compile Error --> Access level to IO_Loader::_ci_autoloader() must be protected (as in class CI_Loader) or weaker /home/adamos42/Public_HTML/ionize200/ionize/core/IO_Loader.php 0
ERROR - 2015-08-15 22:41:12 --> Severity: Compile Error --> Access level to IO_Loader::_ci_autoloader() must be protected (as in class CI_Loader) or weaker /home/adamos42/Public_HTML/ionize200/ionize/core/IO_Loader.php 0
ERROR - 2015-08-15 22:41:28 --> Severity: Notice --> Undefined property: Output::$contents /home/adamos42/Public_HTML/ionize200/ionize/controllers/Output.php 13
ERROR - 2015-08-15 22:41:28 --> Severity: Error --> Call to a member function where() on null /home/adamos42/Public_HTML/ionize200/ionize/controllers/Output.php 13
ERROR - 2015-08-15 22:44:12 --> Severity: Notice --> Undefined property: Output::$contents /home/adamos42/Public_HTML/ionize200/ionize/controllers/Output.php 13
ERROR - 2015-08-15 22:44:12 --> Severity: Error --> Call to a member function where() on null /home/adamos42/Public_HTML/ionize200/ionize/controllers/Output.php 13
ERROR - 2015-08-15 22:44:13 --> Severity: Notice --> Undefined property: Output::$contents /home/adamos42/Public_HTML/ionize200/ionize/controllers/Output.php 13
ERROR - 2015-08-15 22:44:13 --> Severity: Error --> Call to a member function where() on null /home/adamos42/Public_HTML/ionize200/ionize/controllers/Output.php 13
ERROR - 2015-08-15 22:45:03 --> Severity: Error --> Cannot instantiate abstract class Base /home/adamos42/Public_HTML/ionize200/ionize/framework/core/Loader.php 323
ERROR - 2015-08-15 22:45:03 --> Severity: Error --> Cannot instantiate abstract class Base /home/adamos42/Public_HTML/ionize200/ionize/framework/core/Loader.php 323
ERROR - 2015-08-15 23:02:57 --> Severity: Parsing Error --> syntax error, unexpected '}' /home/adamos42/Public_HTML/ionize200/ionize/libraries/Theme.php 43
ERROR - 2015-08-15 23:02:57 --> Severity: Parsing Error --> syntax error, unexpected '}' /home/adamos42/Public_HTML/ionize200/ionize/libraries/Theme.php 43
ERROR - 2015-08-15 23:03:08 --> Could not find the language line "error_theme_not_exists"
ERROR - 2015-08-15 23:03:08 --> Could not find the language line "error_theme_not_exists_header"
ERROR - 2015-08-15 23:03:08 --> Could not find the language line "error_theme_not_exists"
ERROR - 2015-08-15 23:03:08 --> Could not find the language line "error_theme_not_exists_header"
ERROR - 2015-08-15 23:04:12 --> Could not find the language line "error_theme_not_exists"
ERROR - 2015-08-15 23:04:12 --> Could not find the language line "error_theme_not_exists_header"
ERROR - 2015-08-15 23:04:12 --> Could not find the language line "error_theme_not_exists"
ERROR - 2015-08-15 23:04:12 --> Could not find the language line "error_theme_not_exists_header"
ERROR - 2015-08-15 23:04:12 --> Could not find the language line "error_theme_not_exists"
ERROR - 2015-08-15 23:04:12 --> Could not find the language line "error_theme_not_exists_header"
ERROR - 2015-08-15 23:04:27 --> Could not find the language line "error_theme_not_exists"
ERROR - 2015-08-15 23:04:27 --> Could not find the language line "error_theme_not_exists_header"
ERROR - 2015-08-15 23:04:27 --> Could not find the language line "error_theme_not_exists"
ERROR - 2015-08-15 23:04:27 --> Could not find the language line "error_theme_not_exists_header"
ERROR - 2015-08-15 23:04:27 --> Could not find the language line "error_theme_not_exists"
ERROR - 2015-08-15 23:04:27 --> Could not find the language line "error_theme_not_exists_header"
ERROR - 2015-08-15 23:04:36 --> Could not find the language line "error_theme_not_exists"
ERROR - 2015-08-15 23:04:36 --> Could not find the language line "error_theme_not_exists_header"
ERROR - 2015-08-15 23:04:36 --> Could not find the language line "error_theme_not_exists"
ERROR - 2015-08-15 23:04:36 --> Could not find the language line "error_theme_not_exists_header"
ERROR - 2015-08-15 23:04:36 --> Could not find the language line "error_theme_not_exists"
ERROR - 2015-08-15 23:04:36 --> Could not find the language line "error_theme_not_exists_header"
ERROR - 2015-08-15 23:05:13 --> Could not find the language line "error_theme_not_exists"
ERROR - 2015-08-15 23:05:13 --> Could not find the language line "error_theme_not_exists_header"
ERROR - 2015-08-15 23:05:13 --> Could not find the language line "error_theme_not_exists"
ERROR - 2015-08-15 23:05:13 --> Could not find the language line "error_theme_not_exists_header"
ERROR - 2015-08-15 23:05:13 --> Could not find the language line "error_theme_not_exists"
ERROR - 2015-08-15 23:05:13 --> Could not find the language line "error_theme_not_exists_header"
ERROR - 2015-08-15 23:05:43 --> Could not find the language line "error_theme_not_exists"
ERROR - 2015-08-15 23:05:43 --> Could not find the language line "error_theme_not_exists_header"
ERROR - 2015-08-15 23:05:43 --> Could not find the language line "error_theme_not_exists"
ERROR - 2015-08-15 23:05:43 --> Could not find the language line "error_theme_not_exists_header"
ERROR - 2015-08-15 23:06:56 --> Could not find the language line "error_theme_not_exists"
ERROR - 2015-08-15 23:06:56 --> Could not find the language line "error_theme_not_exists_header"
ERROR - 2015-08-15 23:06:56 --> Could not find the language line "error_theme_not_exists"
ERROR - 2015-08-15 23:06:56 --> Could not find the language line "error_theme_not_exists_header"
ERROR - 2015-08-15 23:07:57 --> Could not find the language line "error_theme_not_exists"
ERROR - 2015-08-15 23:07:57 --> Could not find the language line "error_theme_not_exists"
ERROR - 2015-08-15 23:19:54 --> Severity: Notice --> Undefined variable: default_lang_file /home/adamos42/Public_HTML/ionize200/ionize/libraries/Theme.php 83
ERROR - 2015-08-15 23:19:54 --> Severity: Error --> Cannot access empty property /home/adamos42/Public_HTML/ionize200/ionize/libraries/Theme.php 83
ERROR - 2015-08-15 23:24:28 --> Severity: Warning --> mkdir(): Permission denied /home/adamos42/Public_HTML/ionize200/ionize/libraries/Theme.php 83
ERROR - 2015-08-15 23:24:28 --> Severity: Warning --> file_put_contents(/home/adamos42/Public_HTML/ionize200/themes/Default_Native/language/en_US/Theme_lang.php): failed to open stream: Permission denied /home/adamos42/Public_HTML/ionize200/ionize/libraries/Theme.php 84
ERROR - 2015-08-15 23:24:28 --> Severity: Warning --> mkdir(): Permission denied /home/adamos42/Public_HTML/ionize200/ionize/libraries/Theme.php 83
ERROR - 2015-08-15 23:24:28 --> Severity: Warning --> file_put_contents(/home/adamos42/Public_HTML/ionize200/themes/Default_Native/language/en_US/Theme_lang.php): failed to open stream: Permission denied /home/adamos42/Public_HTML/ionize200/ionize/libraries/Theme.php 84
ERROR - 2015-08-15 23:34:26 --> Severity: Notice --> Undefined variable: /home/adamos42/Public_HTML/ionize200/themes/Default_Native/ /home/adamos42/Public_HTML/ionize200/ionize/libraries/Theme.php 69
ERROR - 2015-08-15 23:34:26 --> Severity: Notice --> Undefined variable: /home/adamos42/Public_HTML/ionize200/themes/Default_Native/ /home/adamos42/Public_HTML/ionize200/ionize/libraries/Theme.php 69
ERROR - 2015-08-15 23:34:26 --> Severity: Notice --> Undefined variable: /home/adamos42/Public_HTML/ionize200/themes/Default_Native/ /home/adamos42/Public_HTML/ionize200/ionize/libraries/Theme.php 69
ERROR - 2015-08-15 23:34:26 --> Severity: Notice --> Undefined variable: /home/adamos42/Public_HTML/ionize200/themes/Default_Native/ /home/adamos42/Public_HTML/ionize200/ionize/libraries/Theme.php 69
ERROR - 2015-08-15 23:45:04 --> Query error: Table 'ionize_200.article' doesn't exist - Invalid query: SELECT *
FROM `article`
WHERE `id_content` = '1'
AND `language` = 'en_US'
ERROR - 2015-08-15 23:45:24 --> Query error: Table 'ionize_200.article' doesn't exist - Invalid query: SELECT *
FROM `article`
WHERE `id_content` = '1'
AND `language` = 'en_US'
ERROR - 2015-08-15 23:48:17 --> Query error: Table 'ionize_200.article' doesn't exist - Invalid query: SELECT *
FROM `article`
WHERE `id_content` = '1'
AND `language` = 'en_US'
ERROR - 2015-08-15 23:51:03 --> Query error: Table 'ionize_200.article' doesn't exist - Invalid query: SELECT *
FROM `article`
WHERE `id_content` = '1'
AND `language` = 'en_US'
ERROR - 2015-08-15 23:51:03 --> Query error: Table 'ionize_200.article' doesn't exist - Invalid query: SELECT *
FROM `article`
WHERE `id_content` = '1'
AND `language` = 'en_US'
ERROR - 2015-08-15 23:51:04 --> Query error: Table 'ionize_200.article' doesn't exist - Invalid query: SELECT *
FROM `article`
WHERE `id_content` = '1'
AND `language` = 'en_US'
ERROR - 2015-08-15 23:51:30 --> Query error: Table 'ionize_200.article' doesn't exist - Invalid query: SELECT *
FROM `article`
WHERE `id_content` = '1'
AND `language` = 'en_US'
ERROR - 2015-08-15 23:51:55 --> Query error: Table 'ionize_200.article' doesn't exist - Invalid query: SELECT *
FROM `article`
WHERE `id_content` = '1'
AND `language` = 'en_US'
ERROR - 2015-08-15 23:55:24 --> Query error: No tables used - Invalid query: SELECT *
ERROR - 2015-08-15 23:56:04 --> Query error: Table 'ionize_200.article' doesn't exist - Invalid query: SELECT *
FROM `article`
WHERE `id_content` = '1'
AND `language` = 'en_US'
ERROR - 2015-08-15 23:56:56 --> Severity: Parsing Error --> syntax error, unexpected '$name' (T_VARIABLE) /home/adamos42/Public_HTML/ionize200/ionize/models/Base_model.php 125
ERROR - 2015-08-15 23:56:56 --> Severity: Parsing Error --> syntax error, unexpected '$name' (T_VARIABLE) /home/adamos42/Public_HTML/ionize200/ionize/models/Base_model.php 125
ERROR - 2015-08-15 23:57:18 --> Severity: Parsing Error --> syntax error, unexpected '$name' (T_VARIABLE) /home/adamos42/Public_HTML/ionize200/ionize/models/Base_model.php 125
ERROR - 2015-08-15 23:57:18 --> Severity: Parsing Error --> syntax error, unexpected '$name' (T_VARIABLE) /home/adamos42/Public_HTML/ionize200/ionize/models/Base_model.php 125
ERROR - 2015-08-15 23:57:18 --> Severity: Parsing Error --> syntax error, unexpected '$name' (T_VARIABLE) /home/adamos42/Public_HTML/ionize200/ionize/models/Base_model.php 125
ERROR - 2015-08-15 23:57:18 --> Severity: Parsing Error --> syntax error, unexpected '$name' (T_VARIABLE) /home/adamos42/Public_HTML/ionize200/ionize/models/Base_model.php 125
ERROR - 2015-08-15 23:57:18 --> Severity: Parsing Error --> syntax error, unexpected '$name' (T_VARIABLE) /home/adamos42/Public_HTML/ionize200/ionize/models/Base_model.php 125
ERROR - 2015-08-15 23:57:18 --> Severity: Parsing Error --> syntax error, unexpected '$name' (T_VARIABLE) /home/adamos42/Public_HTML/ionize200/ionize/models/Base_model.php 125
ERROR - 2015-08-15 23:57:19 --> Severity: Parsing Error --> syntax error, unexpected '$name' (T_VARIABLE) /home/adamos42/Public_HTML/ionize200/ionize/models/Base_model.php 125
ERROR - 2015-08-15 23:57:19 --> Severity: Parsing Error --> syntax error, unexpected '$name' (T_VARIABLE) /home/adamos42/Public_HTML/ionize200/ionize/models/Base_model.php 125
ERROR - 2015-08-15 23:57:19 --> Severity: Parsing Error --> syntax error, unexpected '$name' (T_VARIABLE) /home/adamos42/Public_HTML/ionize200/ionize/models/Base_model.php 125
ERROR - 2015-08-15 23:57:19 --> Severity: Parsing Error --> syntax error, unexpected '$name' (T_VARIABLE) /home/adamos42/Public_HTML/ionize200/ionize/models/Base_model.php 125
ERROR - 2015-08-15 23:57:19 --> Severity: Parsing Error --> syntax error, unexpected '$name' (T_VARIABLE) /home/adamos42/Public_HTML/ionize200/ionize/models/Base_model.php 125
ERROR - 2015-08-15 23:57:19 --> Severity: Parsing Error --> syntax error, unexpected '$name' (T_VARIABLE) /home/adamos42/Public_HTML/ionize200/ionize/models/Base_model.php 125
ERROR - 2015-08-15 23:57:19 --> Severity: Parsing Error --> syntax error, unexpected '$name' (T_VARIABLE) /home/adamos42/Public_HTML/ionize200/ionize/models/Base_model.php 125
ERROR - 2015-08-15 23:57:19 --> Severity: Parsing Error --> syntax error, unexpected '$name' (T_VARIABLE) /home/adamos42/Public_HTML/ionize200/ionize/models/Base_model.php 125
ERROR - 2015-08-15 23:57:19 --> Severity: Parsing Error --> syntax error, unexpected '$name' (T_VARIABLE) /home/adamos42/Public_HTML/ionize200/ionize/models/Base_model.php 125
ERROR - 2015-08-15 23:57:19 --> Severity: Parsing Error --> syntax error, unexpected '$name' (T_VARIABLE) /home/adamos42/Public_HTML/ionize200/ionize/models/Base_model.php 125
ERROR - 2015-08-15 23:57:19 --> Severity: Parsing Error --> syntax error, unexpected '$name' (T_VARIABLE) /home/adamos42/Public_HTML/ionize200/ionize/models/Base_model.php 125
ERROR - 2015-08-15 23:57:20 --> Severity: Parsing Error --> syntax error, unexpected '$name' (T_VARIABLE) /home/adamos42/Public_HTML/ionize200/ionize/models/Base_model.php 125
ERROR - 2015-08-15 23:57:20 --> Severity: Parsing Error --> syntax error, unexpected '$name' (T_VARIABLE) /home/adamos42/Public_HTML/ionize200/ionize/models/Base_model.php 125
ERROR - 2015-08-15 23:57:20 --> Severity: Parsing Error --> syntax error, unexpected '$name' (T_VARIABLE) /home/adamos42/Public_HTML/ionize200/ionize/models/Base_model.php 125
ERROR - 2015-08-15 23:57:20 --> Severity: Parsing Error --> syntax error, unexpected '$name' (T_VARIABLE) /home/adamos42/Public_HTML/ionize200/ionize/models/Base_model.php 125
ERROR - 2015-08-15 23:57:20 --> Severity: Parsing Error --> syntax error, unexpected '$name' (T_VARIABLE) /home/adamos42/Public_HTML/ionize200/ionize/models/Base_model.php 125
ERROR - 2015-08-15 23:57:40 --> Severity: Parsing Error --> syntax error, unexpected '$name' (T_VARIABLE) /home/adamos42/Public_HTML/ionize200/ionize/models/Base_model.php 126
ERROR - 2015-08-15 23:57:40 --> Severity: Parsing Error --> syntax error, unexpected '$name' (T_VARIABLE) /home/adamos42/Public_HTML/ionize200/ionize/models/Base_model.php 126
